0 info it worked if it ends with ok
1 verbose cli [ 'D:\\Program Files\\nodejs\\node.exe',
1 verbose cli   'D:\\Program Files\\nodejs\\node_modules\\npm\\bin\\npm-cli.js',
1 verbose cli   'run',
1 verbose cli   'dev' ]
2 info using npm@3.10.8
3 info using node@v6.9.1
4 verbose run-script [ 'predev', 'dev', 'postdev' ]
5 info lifecycle aiduobao-webapp@1.0.0~predev: aiduobao-webapp@1.0.0
6 silly lifecycle aiduobao-webapp@1.0.0~predev: no script for predev, continuing
7 info lifecycle aiduobao-webapp@1.0.0~dev: aiduobao-webapp@1.0.0
8 verbose lifecycle aiduobao-webapp@1.0.0~dev: unsafe-perm in lifecycle true
9 verbose lifecycle aiduobao-webapp@1.0.0~dev: PATH: D:\Program Files\nodejs\node_modules\npm\bin\node-gyp-bin;D:\git\vue_iview\node_modules\.bin;C:\ProgramData\Oracle\Java\javapath;C:\Program Files (x86)\Intel\iCLS Client\;C:\Program Files\Intel\iCLS Client\;C:\Windows\system32;C:\Windows;C:\Windows\System32\Wbem;C:\Windows\System32\WindowsPowerShell\v1.0\;C:\Program Files (x86)\NVIDIA Corporation\PhysX\Common;C:\Program Files (x86)\Intel\Intel(R) Management Engine Components\DAL;C:\Program Files\Intel\Intel(R) Management Engine Components\DAL;C:\Program Files (x86)\Intel\Intel(R) Management Engine Components\IPT;C:\Program Files\Intel\Intel(R) Management Engine Components\IPT;D:\Program Files\nodejs\;D:\Program Files\SlikSvn\bin;C:\Program Files\TortoiseSVN\bin;C:\Program Files\Microsoft SQL Server\130\Tools\Binn\;C:\Program Files (x86)\GtkSharp\2.12\bin;D:\Python27;C:\Program Files\MySQL\MySQL Utilities 1.6\;D:\apache-maven-3.3.3\bin;D:\Program Files\Java\jdk1.8.0_31\bin;D:\Program Files\Java\jre1.8.0_31\bin;D:\Program Files\Git\cmd;C:\Users\cth\AppData\Local\Microsoft\WindowsApps;C:\Users\cth\AppData\Roaming\npm;C:\Program Files (x86)\SSH Communications Security\SSH Secure Shell;D:\apache-maven-3.3.3\bin
10 verbose lifecycle aiduobao-webapp@1.0.0~dev: CWD: D:\git\vue_iview
11 silly lifecycle aiduobao-webapp@1.0.0~dev: Args: [ '/d /s /c', 'node webpack.server.js' ]
12 silly lifecycle aiduobao-webapp@1.0.0~dev: Returned: code: 3221225786  signal: null
13 info lifecycle aiduobao-webapp@1.0.0~dev: Failed to exec dev script
14 verbose stack Error: aiduobao-webapp@1.0.0 dev: `node webpack.server.js`
14 verbose stack Exit status 3221225786
14 verbose stack     at EventEmitter.<anonymous> (D:\Program Files\nodejs\node_modules\npm\lib\utils\lifecycle.js:255:16)
14 verbose stack     at emitTwo (events.js:106:13)
14 verbose stack     at EventEmitter.emit (events.js:191:7)
14 verbose stack     at ChildProcess.<anonymous> (D:\Program Files\nodejs\node_modules\npm\lib\utils\spawn.js:40:14)
14 verbose stack     at emitTwo (events.js:106:13)
14 verbose stack     at ChildProcess.emit (events.js:191:7)
14 verbose stack     at maybeClose (internal/child_process.js:877:16)
14 verbose stack     at Process.ChildProcess._handle.onexit (internal/child_process.js:226:5)
15 verbose pkgid aiduobao-webapp@1.0.0
16 verbose cwd D:\git\vue_iview
17 error Windows_NT 10.0.14393
18 error argv "D:\\Program Files\\nodejs\\node.exe" "D:\\Program Files\\nodejs\\node_modules\\npm\\bin\\npm-cli.js" "run" "dev"
19 error node v6.9.1
20 error npm  v3.10.8
21 error code ELIFECYCLE
22 error aiduobao-webapp@1.0.0 dev: `node webpack.server.js`
22 error Exit status 3221225786
23 error Failed at the aiduobao-webapp@1.0.0 dev script 'node webpack.server.js'.
23 error Make sure you have the latest version of node.js and npm installed.
23 error If you do, this is most likely a problem with the aiduobao-webapp package,
23 error not with npm itself.
23 error Tell the author that this fails on your system:
23 error     node webpack.server.js
23 error You can get information on how to open an issue for this project with:
23 error     npm bugs aiduobao-webapp
23 error Or if that isn't available, you can get their info via:
23 error     npm owner ls aiduobao-webapp
23 error There is likely additional logging output above.
24 verbose exit [ 1, true ]
